<?xml version="1.0" encoding="UTF-8"?>
<!-- Generated by org.testng.reporters.JUnitReportReporter -->
<testsuite hostname="MacBook-Air.local" failures="0" tests="1" name="Runners.Run" time="5.777" errors="0" timestamp="2022-04-18T22:41:29 IST" skipped="0">
  <testcase classname="Runners.Run" name="runScenario" time="5.777"/>
  <system-out/>
</testsuite> <!-- Runners.Run -->
